0 info it worked if it ends with ok
1 verbose cli [ 'C:\\Program Files\\nodejs\\node.exe',
1 verbose cli   'C:\\Program Files\\nodejs\\node_modules\\npm\\bin\\npm-cli.js',
1 verbose cli   'run',
1 verbose cli   'dist' ]
2 info using npm@3.10.10
3 info using node@v6.12.0
4 verbose run-script [ 'predist', 'dist', 'postdist' ]
5 info lifecycle electron-impacto-tecnologico@1.0.0~predist: electron-impacto-tecnologico@1.0.0
6 silly lifecycle electron-impacto-tecnologico@1.0.0~predist: no script for predist, continuing
7 info lifecycle electron-impacto-tecnologico@1.0.0~dist: electron-impacto-tecnologico@1.0.0
8 verbose lifecycle electron-impacto-tecnologico@1.0.0~dist: unsafe-perm in lifecycle true
9 verbose lifecycle electron-impacto-tecnologico@1.0.0~dist: PATH: C:\Program Files\nodejs\node_modules\npm\bin\node-gyp-bin;C:\wamp64\www\html\electron-impacto-tecnologico\node_modules\.bin;C:\terminal\bin;C:\terminal\vendor\conemu-maximus5\ConEmu\Scripts;C:\terminal\vendor\conemu-maximus5;C:\terminal\vendor\conemu-maximus5\ConEmu;C:\ProgramData\Oracle\Java\javapath;C:\Windows\system32;C:\Windows;C:\Windows\System32\Wbem;C:\Windows\System32\WindowsPowerShell\v1.0\;C:\Program Files\nodejs\;C:\Program Files\Git\cmd;C:\Users\ricardo\AppData\Roaming\npm;C:\Program Files\Git\usr\bin;C:\Program Files\Git\usr\share\vim\vim74;C:\terminal\
10 verbose lifecycle electron-impacto-tecnologico@1.0.0~dist: CWD: C:\wamp64\www\html\electron-impacto-tecnologico
11 silly lifecycle electron-impacto-tecnologico@1.0.0~dist: Args: [ '/d /s /c', 'build' ]
12 silly lifecycle electron-impacto-tecnologico@1.0.0~dist: Returned: code: 1  signal: null
13 info lifecycle electron-impacto-tecnologico@1.0.0~dist: Failed to exec dist script
14 verbose stack Error: electron-impacto-tecnologico@1.0.0 dist: `build`
14 verbose stack Exit status 1
14 verbose stack     at EventEmitter.<anonymous> (C:\Program Files\nodejs\node_modules\npm\lib\utils\lifecycle.js:255:16)
14 verbose stack     at emitTwo (events.js:106:13)
14 verbose stack     at EventEmitter.emit (events.js:191:7)
14 verbose stack     at ChildProcess.<anonymous> (C:\Program Files\nodejs\node_modules\npm\lib\utils\spawn.js:40:14)
14 verbose stack     at emitTwo (events.js:106:13)
14 verbose stack     at ChildProcess.emit (events.js:191:7)
14 verbose stack     at maybeClose (internal/child_process.js:920:16)
14 verbose stack     at Process.ChildProcess._handle.onexit (internal/child_process.js:230:5)
15 verbose pkgid electron-impacto-tecnologico@1.0.0
16 verbose cwd C:\wamp64\www\html\electron-impacto-tecnologico
17 error Windows_NT 6.1.7601
18 error argv "C:\\Program Files\\nodejs\\node.exe" "C:\\Program Files\\nodejs\\node_modules\\npm\\bin\\npm-cli.js" "run" "dist"
19 error node v6.12.0
20 error npm  v3.10.10
21 error code ELIFECYCLE
22 error electron-impacto-tecnologico@1.0.0 dist: `build`
22 error Exit status 1
23 error Failed at the electron-impacto-tecnologico@1.0.0 dist script 'build'.
23 error Make sure you have the latest version of node.js and npm installed.
23 error If you do, this is most likely a problem with the electron-impacto-tecnologico package,
23 error not with npm itself.
23 error Tell the author that this fails on your system:
23 error     build
23 error You can get information on how to open an issue for this project with:
23 error     npm bugs electron-impacto-tecnologico
23 error Or if that isn't available, you can get their info via:
23 error     npm owner ls electron-impacto-tecnologico
23 error There is likely additional logging output above.
24 verbose exit [ 1, true ]
